********************************************************************************
DUPLICATOR-LITE PACKAGE-LOG: 15 May 2019 11 h 40 min
NOTICE: Do NOT post to public sites or forums 
********************************************************************************
VERSION:	1.3.12
WORDPRESS:	5.2
PHP INFO:	7.0.33-0ubuntu0.16.04.4 | SAPI: apache2handler
SERVER:		Apache/2.4.18 (Ubuntu) 
PHP TIME LIMIT: (0) no time limit imposed 
PHP MAX MEMORY: 4294967296 (128M default) 
MEMORY STACK: 2MB 

********************************************************************************
DATABASE:
********************************************************************************
BUILD MODE:   MYSQLDUMP
MYSQLTIMEOUT: 5000
MYSQLDUMP:    Is Supported 
SQL CREATED: 20190515_bulladom_d64ce7327f8a4e349236_20190515113942_database.sql 
SQL FILE SIZE: 527.45KB (540112) 
SQL FILE TIME: 2019-05-15 11:40:04 
SQL RUNTIME: 2.29 sec. 

******************************************************************************** 
ARCHIVE Type=DUP Mode=DupArchive 
******************************************************************************** 
ARCHIVE DIR:  /var/www/html/Bulladom/bulladom_WP 
ARCHIVE FILE: 20190515_bulladom_d64ce7327f8a4e349236_20190515113942_archive.daf 
FILTERS: *OFF* 
DIRS:
	not set 
FILES:
	not set 
EXTS:  not set 
---------------------------------------- 
COMPRESSING 
SIZE:	60.49MB 
STATS:	Dirs 384 | Files 2,698 | Total 3,082 
building installer 
add_extra_files1 
add_extra_files2 
add_extra_files3 
add_extra_files4 
Doing archive file check 
add_extra_files5 
add_extra_files6 
add_extra_files7 
add_extra_files_using_da1 
Adding enhanced installer files to archive using DupArchive 
COMPRESSED SIZE: 22.86MB 
ARCHIVE RUNTIME: 26.47 sec. 
MEMORY STACK: 2MB 
CREATE WARNINGS: No warnings. 
VALIDATION WARNINGS: No warnings. 

******************************************************************************** 
INTEGRITY CHECKS: 
******************************************************************************** 
SQL FILE: 527.45KB 
INSTALLER FILE: 224.52KB 
ARCHIVE FILE: 22.86MB  
EXPECTED FILE/DIRECTORY COUNT: 3,241 
ACTUAL FILE/DIRECTORY COUNT: 3,241 

********************************************************************************
RECORD ID:[1]
TOTAL PROCESS RUNTIME: 26.50 sec.
PEAK PHP MEMORY USED: 2MB
DONE PROCESSING => 20190515_bulladom 2019-05-15 11:40:28
 
